<?xml version="1.0" encoding="UTF-8"?>
<testsuite xmlns:xsi="http://www.w3.org/2001/XMLSchema-instance" xsi:noNamespaceSchemaLocation="https://maven.apache.org/surefire/maven-surefire-plugin/xsd/surefire-test-report-3.0.xsd" version="3.0" name="com.hfdy.hfdypan.config.MinIOTest" time="11.015" tests="1" errors="0" skipped="0" failures="0">
  <properties>
[...]
</properties>
  <testcase name="uploadTest" classname="com.hfdy.hfdypan.config.MinIOTest" time="1.478">
    <system-out><![CDATA[14:35:10.851 [main] INFO org.springframework.test.context.support.AnnotationConfigContextLoaderUtils -- Could not detect default configuration classes for test class [com.hfdy.hfdypan.config.MinIOTest]: MinIOTest does not declare any static, non-private, non-final, nested classes annotated with @Configuration.
14:35:10.988 [main] INFO org.springframework.boot.test.context.SpringBootTestContextBootstrapper -- Found @SpringBootConfiguration com.hfdy.hfdypan.HfdyPanApplication for test class com.hfdy.hfdypan.config.MinIOTest

  .   ____          _            __ _ _
 /\\ / ___'_ __ _ _(_)_ __  __ _ \ \ \ \
( ( )\___ | '_ | '_| | '_ \/ _` | \ \ \ \
 \\/  ___)| |_)| | | | | || (_| |  ) ) ) )
  '  |____| .__|_| |_|_| |_\__, | / / / /
 =========|_|==============|___/=/_/_/_/

 :: Spring Boot ::                (v3.3.4)

2025-04-06T14:35:11.489+08:00  INFO 7376 --- [           main] com.hfdy.hfdypan.config.MinIOTest        : Starting MinIOTest using Java 17.0.14 with PID 7376 (started by trizw in F:\Desktop\hfdy-pan\backend\hfdy-pan)
2025-04-06T14:35:11.489+08:00  INFO 7376 --- [           main] com.hfdy.hfdypan.config.MinIOTest        : The following 1 profile is active: "dev"
2025-04-06T14:35:12.900+08:00  INFO 7376 --- [           main] .s.d.r.c.RepositoryConfigurationDelegate : Multiple Spring Data modules found, entering strict repository configuration mode
2025-04-06T14:35:12.902+08:00  INFO 7376 --- [           main] .s.d.r.c.RepositoryConfigurationDelegate : Bootstrapping Spring Data Redis repositories in DEFAULT mode.
2025-04-06T14:35:12.946+08:00  INFO 7376 --- [           main] .s.d.r.c.RepositoryConfigurationDelegate : Finished Spring Data repository scanning in 27 ms. Found 0 Redis repository interfaces.
 _ _   |_  _ _|_. ___ _ |    _ 
| | |\/|_)(_| | |_\  |_)||_|_\ 
     /               |         
                        3.5.7 
2025-04-06T14:35:16.543+08:00  WARN 7376 --- [           main] c.b.m.core.metadata.TableInfoHelper      : Can not find table primary key in Class: "com.hfdy.hfdypan.domain.entity.ShareFile".
2025-04-06T14:35:16.543+08:00  WARN 7376 --- [           main] c.b.m.core.injector.DefaultSqlInjector   : class com.hfdy.hfdypan.domain.entity.ShareFile ,Not found @TableId annotation, Cannot use Mybatis-Plus 'xxById' Method.
2025-04-06T14:35:20.110+08:00  INFO 7376 --- [           main] com.hfdy.hfdypan.config.MinIOTest        : Started MinIOTest in 8.952 seconds (process running for 11.558)
2025-04-06T14:35:21.648+08:00 ERROR 7376 --- [           main] com.hfdy.hfdypan.config.MinIOTest        : E:\Desktop\hfdy-pan\backend\hfdy-pan\src\main\resources\static\avatar.png (系统找不到指定的路径。)
]]></system-out>
  </testcase>
</testsuite>